<?xml version="1.0" encoding="UTF-8"?>
<!-- Generated by org.testng.reporters.JUnitReportReporter -->
<testsuite hostname="DESKTOP-3JT8MSM" failures="0" tests="1" name="First.SumValidation" time="3.404" errors="0" timestamp="2024-12-13T23:24:55 IST" skipped="0">
  <testcase classname="First.SumValidation" name="sumOfCourse" time="3.404"/>
</testsuite> <!-- First.SumValidation -->
