<?xml version="1.0" encoding="UTF-8"?>
<!-- Generated by org.testng.reporters.JUnitReportReporter -->
<testsuite hostname="DESKTOP-3JT8MSM" failures="0" tests="4" name="First.DynamicJson" time="5.706" errors="0" timestamp="2024-12-12T19:36:31 IST" skipped="0">
  <testcase classname="First.DynamicJson" name="addAndDeleteBook" time="0.835"/>
  <testcase classname="First.DynamicJson" name="addAndDeleteBook" time="0.651"/>
  <testcase classname="First.DynamicJson" name="addAndDeleteBook" time="0.762"/>
  <testcase classname="First.DynamicJson" name="addAndDeleteBook" time="3.458"/>
</testsuite> <!-- First.DynamicJson -->
