<?xml version="1.0" encoding="UTF-8"?>
<!-- Generated by org.testng.reporters.JUnitReportReporter -->
<testsuite hostname="DESKTOP-3JT8MSM" failures="0" tests="4" name="First.DynamicJson" time="5.007" errors="0" timestamp="2024-12-13T23:25:09 IST" skipped="0">
  <testcase classname="First.DynamicJson" name="addAndDeleteBook" time="0.511"/>
  <testcase classname="First.DynamicJson" name="addAndDeleteBook" time="0.492"/>
  <testcase classname="First.DynamicJson" name="addAndDeleteBook" time="0.465"/>
  <testcase classname="First.DynamicJson" name="addAndDeleteBook" time="3.539"/>
</testsuite> <!-- First.DynamicJson -->
